"../../../MyProject3/Content/FirstPersonBP/Blueprints/FirstPersonCharacter.uasset" 0
"../../../Engine/Content/EditorBlueprintResources/StandardMacros.uasset" 1
"../../../Engine/Content/EngineSky/C_Sky_Cloud_Color.uasset" 2
"../../../Engine/Content/EngineSky/C_Sky_Horizon_Color.uasset" 3
"../../../Engine/Content/EngineSky/C_Sky_Zenith_Color.uasset" 4
"../../../Engine/Content/EngineSky/T_Sky_Blue.uasset" 5
"../../../Engine/Content/EngineSky/T_Sky_Clouds_M.uasset" 6
"../../../Engine/Content/EngineSky/T_Sky_Stars.uasset" 7
"../../../Engine/Content/EngineSky/SM_SkySphere.uasset" 8
"../../../Engine/Content/EngineSky/M_Sky_Panning_Clouds2.uasset" 9
"../../../Engine/Content/EngineSky/BP_Sky_Sphere.uasset" 10
"../../../MyProject3/Content/StarterContent/Materials/M_Basic_Wall.uasset" 11
"../../../MyProject3/Content/StarterContent/Shapes/Shape_Cone.uasset" 12
"../../../MyProject3/Content/FirstPersonBP/dart.uasset" 13
"../../../Engine/Content/Functions/Engine_MaterialFunctions01/Opacity/CameraDepthFade.uasset" 14
"../../../Engine/Content/EngineMaterials/T_Default_Material_Grid_M.uasset" 15
"../../../Engine/Content/EngineMaterials/T_Default_Material_Grid_N.uasset" 16
"../../../Engine/Content/EngineMaterials/WorldGridMaterial.uasset" 17
"../../../Engine/Content/BasicShapes/Cube.uasset" 18
"../../../Engine/Content/EngineMaterials/DefaultMaterial.uasset" 19
"../../../Engine/Content/BasicShapes/Cylinder.uasset" 20
"../../../MyProject3/Content/FirstPersonBP/darts01.uasset" 21
"../../../MyProject3/Content/FirstPerson/Meshes/BaseMaterial.uasset" 22
"../../../MyProject3/Content/FirstPersonBP/shape1.uasset" 23
"../../../MyProject3/Content/StarterContent/Shapes/Shape_Tube.uasset" 24
"../../../MyProject3/Content/FirstPersonBP/lustra.uasset" 25
"../../../Engine/Content/BasicShapes/Cone.uasset" 26
"../../../MyProject3/Content/FirstPersonBP/shape2.uasset" 27
"../../../MyProject3/Content/FirstPersonBP/shape3.uasset" 28
"../../../MyProject3/Content/FirstPersonBP/1234.uasset" 29
"../../../MyProject3/Content/FirstPersonBP/1234_2.uasset" 30
"../../../MyProject3/Content/FirstPersonBP/1234_3.uasset" 31
"../../../Engine/Content/BasicShapes/BasicShapeMaterial.uasset" 32
"../../../MyProject3/Content/FirstPersonBP/shkatulka.uasset" 33
"../../../MyProject3/Content/StarterContent/Textures/T_MacroVariation.uasset" 34
"../../../MyProject3/Content/StarterContent/Textures/T_Wood_Walnut_D.uasset" 35
"../../../MyProject3/Content/StarterContent/Textures/T_Wood_Walnut_N.uasset" 36
"../../../MyProject3/Content/StarterContent/Materials/M_Wood_Walnut.uasset" 37
"../../../MyProject3/Content/StarterContent/Textures/dub_yupiter_3-polosnyy_polarwood.uasset" 38
"../../../MyProject3/Content/StarterContent/Materials/parcketfloor.uasset" 39
"../../../MyProject3/Content/StarterContent/Textures/derevya-7360x4912-solnechniy-svet-listya-les-vetki-5348.uasset" 40
"../../../MyProject3/Content/StarterContent/Materials/wall_papersforescaperoom.uasset" 41
"../../../MyProject3/Content/StarterContent/Textures/782070.uasset" 42
"../../../MyProject3/Content/StarterContent/Materials/wallpaper01.uasset" 43
"../../../MyProject3/Content/MYmaterial/Material__71.uasset" 44
"../../../MyProject3/Content/MYmaterial/ArmCHAIR02.uasset" 45
"../../../MyProject3/Content/MYmaterial/keyB_tx.uasset" 46
"../../../MyProject3/Content/MYmaterial/1_-_Default.uasset" 47
"../../../MyProject3/Content/MYmaterial/keyfbx.uasset" 48
"../../../MyProject3/Content/FirstPersonBP/Maps/FirstPersonExampleMap.umap" 49
"../../../Engine/Content/EngineFonts/Roboto.uasset" 50
"../../../Engine/Content/Functions/Engine_MaterialFunctions01/Shading/PowerToRoughness.uasset" 51
"../../../Engine/Content/EngineMaterials/DefaultDiffuse.uasset" 52
"../../../Engine/Content/EngineMaterials/DefaultDeferredDecalMaterial.uasset" 53
"../../../Engine/Content/EngineMaterials/DefaultLightFunctionMaterial.uasset" 54
"../../../Engine/Content/Functions/Engine_MaterialFunctions02/Utility/BreakOutFloat2Components.uasset" 55
"../../../Engine/Content/EngineMaterials/DefaultPostProcessMaterial.uasset" 56
"../../../Engine/Content/EngineResources/DefaultTexture.uasset" 57
"../../../Engine/Content/Functions/Engine_MaterialFunctions02/Texturing/ScreenAlignedUVs.uasset" 58
"../../../Engine/Content/EngineResources/WhiteSquareTexture.uasset" 59
"../../../Engine/Content/EngineMaterials/Widget3DPassThrough.uasset" 60
"../../../Engine/Content/EngineMaterials/Widget3DPassThrough_Translucent.uasset" 61
"../../../Engine/Content/EngineMaterials/Widget3DPassThrough_Translucent_OneSided.uasset" 62
"../../../Engine/Content/EngineMaterials/Widget3DPassThrough_Opaque.uasset" 63
"../../../Engine/Content/EngineMaterials/Widget3DPassThrough_Opaque_OneSided.uasset" 64
"../../../Engine/Content/EngineMaterials/Widget3DPassThrough_Masked.uasset" 65
"../../../Engine/Content/EngineMaterials/Widget3DPassThrough_Masked_OneSided.uasset" 66
"../../../Engine/Content/EditorResources/S_Actor.uasset" 67
"../../../Engine/Content/EditorResources/S_Emitter.uasset" 68
"../../../Engine/Content/EditorResources/SceneManager.uasset" 69
"../../../Engine/Content/EditorResources/Bad.uasset" 70
"../../../Engine/Content/EditorResources/Bkgnd.uasset" 71
"../../../Engine/Content/EditorResources/BkgndHi.uasset" 72
"../../../Engine/Content/EditorMeshes/EditorCube.uasset" 73
"../../../Engine/Content/EditorMeshes/EditorSphere.uasset" 74
"../../../Engine/Content/EditorMeshes/EditorPlane.uasset" 75
"../../../Engine/Content/EditorMeshes/EditorCylinder.uasset" 76
"../../../Engine/Content/Maps/Templates/Thumbnails/Default.uasset" 77
"../../../Engine/Content/EditorMaterials/Thumbnails/SkySphereMaterial.uasset" 78
"../../../Engine/Content/EditorMeshes/EditorSkySphere.uasset" 79
"../../../Engine/Content/EngineMaterials/Grid.uasset" 80
"../../../Engine/Content/EditorMaterials/Thumbnails/FloorPlaneMaterial.uasset" 81
"../../../Engine/Content/MapTemplates/Sky/DaylightAmbientCubemap.uasset" 82
"../../../Engine/Content/EditorMaterials/ParticleSystems/PSysThumbnail_NoImage.uasset" 83
"../../../Engine/Content/EditorMaterials/ParticleSystems/PSysThumbnail_OOD.uasset" 84
"../../../Engine/Content/EditorResources/S_DecalActorIcon.uasset" 85
"../../../Engine/Content/EditorLandscapeResources/LandscapeGizmo_Mat.uasset" 86
"../../../Engine/Content/EditorLandscapeResources/LandscapeGizmo_Mat_Copied.uasset" 87
"../../../Engine/Content/EditorLandscapeResources/LandscapeGizmoHeight_Mat.uasset" 88
"../../../Engine/Content/EditorLandscapeResources/DataLayer.uasset" 89
"../../../Engine/Content/EditorResources/S_Terrain.uasset" 90
"../../../Engine/Content/EditorLandscapeResources/SplineEditorMeshMat.uasset" 91
"../../../Engine/Content/EditorLandscapeResources/SplineEditorMesh.uasset" 92
"../../../Engine/Content/EditorResources/MatineeCam_D.uasset" 93
"../../../Engine/Content/EditorMaterials/MatineeCam_mat.uasset" 94
"../../../Engine/Content/EditorMeshes/MatineeCam_SM.uasset" 95
"../../../Engine/Content/Functions/Engine_MaterialFunctions02/Utility/Sign.uasset" 96
"../../../Engine/Content/Functions/Engine_MaterialFunctions02/Utility/Round.uasset" 97
"../../../Engine/Content/Functions/Engine_MaterialFunctions02/ExampleContent/Textures/flipbook.uasset" 98
"../../../Engine/Content/Functions/Engine_MaterialFunctions02/Texturing/FlipBook.uasset" 99
"../../../Engine/Content/EditorResources/T_EditorHelp.uasset" 100
"../../../Engine/Content/EditorMaterials/HelpActorMaterial.uasset" 101
"../../../Engine/Content/EditorResources/S_ExpoHeightFog.uasset" 102
"../../../Engine/Content/EditorResources/S_NavP.uasset" 103
"../../../Engine/Content/EditorResources/S_Player.uasset" 104
"../../../Engine/Content/EditorResources/LightIcons/SkyLight.uasset" 105
"../../../Engine/Content/EditorResources/S_WindDirectional.uasset" 106
"../../../Engine/Content/EngineDamageTypes/DmgTypeBP_Environmental.uasset" 107
"../../../Engine/Content/EditorResources/LightIcons/S_LightDirectional.uasset" 108
"../../../Engine/Content/EditorResources/LightIcons/S_LightDirectionalMove.uasset" 109
"../../../Engine/Content/EditorResources/LightIcons/S_LightPoint.uasset" 110
"../../../Engine/Content/EditorResources/LightIcons/S_LightPointMove.uasset" 111
"../../../Engine/Content/EditorResources/LightIcons/S_LightSpot.uasset" 112
"../../../Engine/Content/EditorResources/LightIcons/S_LightSpotMove.uasset" 113
"../../../Engine/Content/EditorResources/MatInstActSprite.uasset" 114
"../../../Engine/Content/EditorResources/AI/S_NavLink.uasset" 115
"../../../Engine/Content/EditorResources/S_Note.uasset" 116
"../../../Engine/Content/EngineMeshes/Sphere.uasset" 117
"../../../Engine/Content/EditorResources/S_ReflActorIcon.uasset" 118
"../../../Engine/Content/EditorResources/S_Thruster.uasset" 119
"../../../Engine/Content/EditorResources/S_RadForce.uasset" 120
"../../../Engine/Content/EditorMaterials/TargetIcon.uasset" 121
"../../../Engine/Content/EngineFonts/RobotoDistanceField.uasset" 122
"../../../Engine/Content/EngineMaterials/DefaultTextMaterialOpaque.uasset" 123
"../../../Engine/Content/EditorResources/S_TextRenderActorIcon.uasset" 124
"../../../Engine/Content/EditorResources/S_Trigger.uasset" 125
"../../../Engine/Content/EditorResources/S_VectorFieldVol.uasset" 126
"../../../Engine/Content/EngineResources/GradientTexture0.uasset" 127
"../../../Engine/Content/EngineResources/Black.uasset" 128
"../../../Engine/Content/EditorMaterials/MatineeGroups/MAT_Groups_Float.uasset" 129
"../../../Engine/Content/EditorMaterials/MatineeGroups/MAT_Groups_Director.uasset" 130
"../../../Engine/Content/EditorMaterials/MatineeGroups/MAT_Groups_Event.uasset" 131
"../../../Engine/Content/EditorMaterials/MatineeGroups/MAT_Groups_Anim.uasset" 132
"../../../Engine/Content/EditorMaterials/MatineeGroups/MAT_Groups_Fade.uasset" 133
"../../../Engine/Content/EditorMaterials/MatineeGroups/MAT_Groups_Move.uasset" 134
"../../../Engine/Content/EditorMaterials/MatineeGroups/MAT_Groups_Slomo.uasset" 135
"../../../Engine/Content/EditorMaterials/MatineeGroups/MAT_ColorTrack.uasset" 136
"../../../Engine/Content/EditorMaterials/MAT_Groups_Toggle.uasset" 137
"../../../Engine/Content/EditorMaterials/MatineeGroups/MAT_Groups_AudioMaster.uasset" 138
"../../../Engine/Content/EditorMaterials/MatineeGroups/MAT_Groups_Sound.uasset" 139
"../../../Engine/Content/EditorMaterials/MatineeGroups/MAT_Groups_Vector.uasset" 140
"../../../Engine/Content/EditorMaterials/MAT_Groups_Visibility.uasset" 141
"../../../Engine/Content/EngineResources/DefaultTextureCube.uasset" 142
"../../../Engine/Content/EngineMeshes/Cylinder.uasset" 143
"../../../Engine/Content/EngineTireTypes/DefaultTireType.uasset" 144
"../../../Engine/Content/EditorResources/S_FTest.uasset" 145
"../../../Engine/Content/EngineResources/AICON-Red.uasset" 146
"../../../Engine/Content/EngineResources/AICON-Green.uasset" 147
"../../../Engine/Plugins/2D/Paper2D/Content/PlaceholderTextures/DummySpriteTexture.uasset" 148
"../../../Engine/Plugins/2D/Paper2D/Content/DefaultSpriteMaterial.uasset" 149
"../../../Engine/Plugins/2D/Paper2D/Content/MaskedUnlitSpriteMaterial.uasset" 150
"../../../Engine/Plugins/2D/Paper2D/Content/OpaqueUnlitSpriteMaterial.uasset" 151
"../../../Engine/Plugins/2D/Paper2D/Content/DummySprite.uasset" 152
"../../../Engine/Plugins/2D/Paper2D/Content/DefaultPaperTerrainMaterial.uasset" 153
"../../../Engine/Content/EditorSounds/Notifications/CompileSuccess.uasset" 154
"../../../Engine/Content/EditorSounds/Notifications/CompileStart_Cue.uasset" 155
"../../../Engine/Content/EditorSounds/Notifications/CompileSuccess_Cue.uasset" 156
"../../../Engine/Content/EditorSounds/Notifications/CompileFailed.uasset" 157
"../../../Engine/Content/EditorSounds/Notifications/CompileFailed_Cue.uasset" 158
"../../../Engine/Content/BufferVisualization/BaseColor.uasset" 159
"../../../Engine/Content/BufferVisualization/CustomDepth.uasset" 160
"../../../Engine/Content/Functions/Engine_MaterialFunctions02/Utility/MakeFloat2.uasset" 161
"../../../Engine/Content/Functions/Engine_MaterialFunctions02/Utility/MakeFloat3.uasset" 162
"../../../Engine/Content/EngineMaterials/MiniFont.uasset" 163
"../../../Engine/Content/BufferVisualization/CustomStencil.uasset" 164
"../../../Engine/Content/BufferVisualization/DecalMask.uasset" 165
"../../../Engine/Content/BufferVisualization/FinalImage.uasset" 166
"../../../Engine/Content/BufferVisualization/LightingModel.uasset" 167
"../../../Engine/Content/BufferVisualization/MaterialAO.uasset" 168
"../../../Engine/Content/BufferVisualization/Metallic.uasset" 169
"../../../Engine/Content/BufferVisualization/Opacity.uasset" 170
"../../../Engine/Content/BufferVisualization/Roughness.uasset" 171
"../../../Engine/Content/BufferVisualization/SceneColor.uasset" 172
"../../../Engine/Content/BufferVisualization/SceneDepth.uasset" 173
"../../../Engine/Content/BufferVisualization/SeparateTranslucencyRGB.uasset" 174
"../../../Engine/Content/BufferVisualization/SeparateTranslucencyA.uasset" 175
"../../../Engine/Content/BufferVisualization/Specular.uasset" 176
"../../../Engine/Content/BufferVisualization/SubsurfaceColor.uasset" 177
"../../../Engine/Content/BufferVisualization/WorldNormal.uasset" 178
"../../../Engine/Content/EngineMaterials/DefaultPhysicalMaterial.uasset" 179
"../../../Engine/Content/BufferVisualization/AmbientOcclusion.uasset" 180
"../../../Engine/Content/Functions/Engine_MaterialFunctions02/Utility/VectorLength.uasset" 181
"../../../Engine/Content/BufferVisualization/CustomDepthWorldUnits.uasset" 182
"../../../Engine/Content/BufferVisualization/SceneDepthWorldUnits.uasset" 183
"../../../Engine/Plugins/Runtime/LeapMotionController/Content/LM_CapsuleMesh.uasset" 184
"../../../Engine/Plugins/Runtime/LeapMotionController/Content/LM_TorusMesh.uasset" 185
"../../../Engine/Plugins/Runtime/LeapMotionController/Content/LM_HandColor.uasset" 186
"../../../Engine/Plugins/Runtime/LeapMotionController/Content/LM_SampleDistortion.uasset" 187
"../../../Engine/Plugins/Runtime/LeapMotionController/Content/LM_TestTexture.uasset" 188
"../../../Engine/Plugins/Runtime/LeapMotionController/Content/LM_PassthroughMaterial.uasset" 189
"../../../Engine/Content/EngineMaterials/HighResolutionScreenshotMaskFunction.uasset" 190
"../../../Engine/Content/EngineMaterials/HighResScreenshot.uasset" 191
"../../../Engine/Content/EngineMaterials/HighResScreenshotMask.uasset" 192
"../../../Engine/Content/EngineMaterials/HighResScreenshotCaptureRegion.uasset" 193
"../../../Engine/Content/EngineDebugMaterials/WireframeMaterial.uasset" 194
"../../../Engine/Content/Functions/Engine_MaterialFunctions01/Shading/ConvertFromDiffSpec.uasset" 195
"../../../Engine/Content/EngineDebugMaterials/LevelColorationLitMaterial.uasset" 196
"../../../Engine/Content/EngineDebugMaterials/LevelColorationUnlitMaterial.uasset" 197
"../../../Engine/Content/EngineMaterials/DefaultWhiteGrid.uasset" 198
"../../../Engine/Content/EngineDebugMaterials/MAT_LevelColorationLitLightmapUV.uasset" 199
"../../../Engine/Content/EngineDebugMaterials/ShadedLevelColorationLitMaterial.uasset" 200
"../../../Engine/Content/EngineDebugMaterials/ShadedLevelColorationUnlitMateri.uasset" 201
"../../../Engine/Content/EngineDebugMaterials/VertexColorMaterial.uasset" 202
"../../../Engine/Content/EngineDebugMaterials/VertexColorViewMode_ColorOnly.uasset" 203
"../../../Engine/Content/EngineDebugMaterials/VertexColorViewMode_AlphaAsColor.uasset" 204
"../../../Engine/Content/EngineDebugMaterials/VertexColorViewMode_RedOnly.uasset" 205
"../../../Engine/Content/EngineDebugMaterials/VertexColorViewMode_GreenOnly.uasset" 206
"../../../Engine/Content/EngineDebugMaterials/VertexColorViewMode_BlueOnly.uasset" 207
"../../../Engine/Content/EngineMaterials/RemoveSurfaceMaterial.uasset" 208
"../../../Engine/Content/EngineDebugMaterials/DebugMeshMaterial.uasset" 209
"../../../Engine/Content/EngineMaterials/InvalidLightmapSettings.uasset" 210
"../../../Engine/Content/EngineMaterials/M_InvalidLightmapSettings.uasset" 211
"../../../Engine/Content/EditorMaterials/GizmoMaterial.uasset" 212
"../../../Engine/Content/EngineDebugMaterials/GeomMaterial.uasset" 213
"../../../Engine/Content/EngineMaterials/EditorBrushMaterial.uasset" 214
"../../../Engine/Content/EngineDebugMaterials/HeatmapGradient.uasset" 215
"../../../Engine/Content/EngineDebugMaterials/BoneWeightMaterial.uasset" 216
"../../../Engine/Content/EditorMaterials/PreviewShadowIndicator.uasset" 217
"../../../Engine/Content/EditorMaterials/PreviewShadowIndicatorMaterial.uasset" 218
"../../../Engine/Content/EditorMaterials/PhAT_JointLimitMaterial.uasset" 219
"../../../Engine/Content/EditorResources/BSPVertex.uasset" 220
"../../../Engine/Content/EngineMaterials/Good64x64TilingNoiseHighFreq.uasset" 221
"../../../Engine/Content/EngineMaterials/DefaultBokeh.uasset" 222
"../../../Engine/Content/EngineMaterials/PreintegratedSkinBRDF.uasset" 223
"../../../Engine/Content/EngineMaterials/WeightMapPlaceholderTexture.uasset" 224
"../../../Engine/Content/EngineFonts/RobotoTiny.uasset" 225
"../../../Engine/Content/Tutorial/Basics/TutorialAssets/icon_tab_Levels_40x.uasset" 226
"../../../Engine/Content/Tutorial/Basics/LevelEditorOverview.uasset" 227
"../../../Engine/Content/Tutorial/Basics/LevelEditorAttract.uasset" 228
"../../../MyProject3/Content/FirstPersonBP/FirstPersonOverview.uasset" 229
"../../../Engine/Content/Tutorial/ContentIntroCurve.uasset" 230
"../../../Engine/Content/EditorMaterials/Cross.uasset" 231
"../../../Engine/Content/EditorMaterials/Cross_Mat.uasset" 232
"../../../Engine/Content/EditorMaterials/PhAT_BoneSelectedMaterial.uasset" 233
"../../../Engine/Content/EditorMaterials/PhAT_ElemSelectedMaterial.uasset" 234
"../../../Engine/Content/EditorMaterials/PhAT_NoCollisionMaterial.uasset" 235
"../../../Engine/Content/EditorMaterials/PhAT_UnselectedMaterial.uasset" 236
"../../../Engine/Content/EditorMaterials/Tick.uasset" 237
"../../../Engine/Content/EditorMaterials/Tick_Mat.uasset" 238
"../../../Engine/Content/EditorMaterials/WidgetGridVertexColorMaterial.uasset" 239
"../../../Engine/Content/EditorMaterials/WidgetGridVertexColorMaterial_Ma.uasset" 240
"../../../Engine/Content/EditorMaterials/WidgetMaterial.uasset" 241
"../../../Engine/Content/EditorMaterials/WidgetMaterial_Current.uasset" 242
"../../../Engine/Content/EditorMaterials/WidgetMaterial_X.uasset" 243
"../../../Engine/Content/EditorMaterials/WidgetMaterial_Y.uasset" 244
"../../../Engine/Content/EditorMaterials/WidgetMaterial_Z.uasset" 245
"../../../Engine/Content/EditorMaterials/WidgetVertexColorMaterial.uasset" 246
"../../../Engine/Content/EditorMaterials/CompositeARGBLayer.uasset" 247
"../../../Engine/Content/EditorMaterials/TilingAALineIntegral.uasset" 248
"../../../Engine/Content/EditorMaterials/TilingAALineBoxFiltered.uasset" 249
"../../../Engine/Content/Functions/Engine_MaterialFunctions03/Procedurals/ComputeFilterWidth.uasset" 250
"../../../Engine/Content/EditorMaterials/TilingAADots.uasset" 251
"../../../Engine/Content/EditorMaterials/Cascade/CASC_Cross.uasset" 252
"../../../Engine/Content/EditorMaterials/Cascade/CASC_None.uasset" 253
"../../../Engine/Content/Functions/Engine_MaterialFunctions03/Blends/Blend_Screen.uasset" 254
"../../../Engine/Content/EditorMaterials/TilingAAGrid.uasset" 255
"../../../Engine/Content/EditorMaterials/LevelGridMaterial.uasset" 256
"../../../Engine/Content/EditorResources/SmallFont.uasset" 257
"../../../Engine/Content/EditorResources/S_KBSJoint.uasset" 258
"../../../Engine/Content/EditorResources/S_KHinge.uasset" 259
"../../../Engine/Content/EditorResources/S_KPrismatic.uasset" 260
"../../../Engine/Content/EditorResources/LightIcons/S_LightError.uasset" 261
"../../../Engine/Content/EditorResources/Spline/T_Loft_Spline.uasset" 262
"../../../Engine/Content/EngineMaterials/BlinkingCaret.uasset" 263
"../../../Engine/Content/EngineMaterials/DefaultNormal.uasset" 264
"../../../Engine/Content/EngineMaterials/Grid_N.uasset" 265
"../../../Engine/Content/EngineMaterials/LandscapeHolePhysicalMaterial.uasset" 266
"../../../Engine/Content/EngineMaterials/PaperDiffuse.uasset" 267
"../../../Engine/Content/EngineMaterials/PaperNormal.uasset" 268
"../../../Engine/Content/EngineMaterials/PhysMat_Rubber.uasset" 269
"../../../Engine/Content/EngineFonts/SmallFont.uasset" 270
"../../../Engine/Content/EngineFonts/TinyFont.uasset" 271
"../../../Engine/Content/EngineResources/StreamingPauseIcon.uasset" 272
"../../../Engine/Content/EngineResources/M_StreamingPause.uasset" 273
"../../../Engine/Content/EditorLandscapeResources/DefaultAlphaTexture.uasset" 274
"../../../Engine/Content/BasicShapes/Sphere.uasset" 275
"../../../Engine/Content/Functions/Engine_MaterialFunctions02/Utility/BlendAngleCorrectedNormals.uasset" 276
"../../../MyProject3/Content/StarterContent/Textures/T_Tech_Hex_Tile_M.uasset" 277
"../../../MyProject3/Content/StarterContent/Textures/T_Tech_Hex_Tile_N.uasset" 278
"../../../MyProject3/Content/StarterContent/Materials/M_Tech_Hex_Tile.uasset" 279
"../../../MyProject3/Content/StarterContent/Materials/M_Tech_Hex_Tile_Pulse.uasset" 280
"../../../MyProject3/Content/FirstPersonBP/123_2.uasset" 281
"../../../MyProject3/Content/FirstPersonBP/123.uasset" 282
"../../../MyProject3/Content/FirstPersonBP/123_3.uasset" 283
"../../../MyProject3/Content/FirstPerson/Textures/FirstPersonCrosshair.uasset" 284
"../../../MyProject3/Content/FirstPersonBP/Blueprints/FirstPersonHUD.uasset" 285
"../../../MyProject3/Content/FirstPersonBP/Blueprints/FirstPersonGameMode.uasset" 286
"../../../MyProject3/Content/FirstPersonBP/123_4.uasset" 287
"../../../Engine/Content/MobileResources/HUD/MobileHUDButton3.uasset" 288
"../../../Engine/Content/MobileResources/HUD/MobileHUDButton1_off.uasset" 289
"../../../Engine/Content/MobileResources/HUD/MobileHUDDirectionPad3.uasset" 290
"../../../Engine/Content/MobileResources/T_MobileMenu2.uasset" 291
"../../../Engine/Content/MobileResources/HUD/MobileHUDButton2_off.uasset" 292
"../../../Engine/Content/MobileResources/HUD/MobileHUDDirectionPad.uasset" 293
"../../../Engine/Content/MobileResources/HUD/T_Castle_ThumbstickInner.uasset" 294
"../../../MyProject3/Content/FirstPerson/Meshes/CubeMaterialOverride.uasset" 295
"../../../MyProject3/Content/Geometry/Meshes/CubeMaterial.uasset" 296
"../../../MyProject3/Content/Geometry/Meshes/1M_Cube.uasset" 297
"../../../Engine/Content/EditorResources/EmptyActor.uasset" 298
"../../../Engine/Content/MobileResources/T_MobileControls_texture.uasset" 299
"../../../Engine/Content/MobileResources/HUD/AnalogHat.uasset" 300
"../../../Engine/Content/MobileResources/HUD/VirtualJoystick_Background.uasset" 301
"../../../Engine/Content/MobileResources/HUD/VirtualJoystick_Thumb.uasset" 302
"../../../Engine/Content/MobileResources/HUD/DefaultVirtualJoysticks.uasset" 303
"../../../Engine/Content/EditorMaterials/MakeCompositeARGBLayer.uasset" 304
"../../../Engine/Content/EditorResources/LevelGrid1DStripes.uasset" 305
"../../../Engine/Content/EditorMaterials/TextureGridCascaded1D.uasset" 306
"../../../Engine/Content/EditorMaterials/TextureGridCascaded2D.uasset" 307
"../../../Engine/Content/EditorMaterials/LevelGridMaterial2.uasset" 308
"../../../Engine/Content/MobileResources/HUD/LeftVirtualJoystickOnly.uasset" 309
"../../../Engine/Content/MobileResources/HUD/MobileHUDButton1_on.uasset" 310
"../../../Engine/Content/MobileResources/HUD/MobileHUDButton2_on.uasset" 311
"../../../Engine/Content/MobileResources/HUD/MobileHUDButtonFire.uasset" 312
"../../../Engine/Content/MobileResources/HUD/MobileHUDDirectionPad2.uasset" 313
"../../../Engine/Content/MobileResources/HUD/MobileHUDDirectionStick.uasset" 314
"../../../Engine/Content/MobileResources/HUD/T_Castle_ThumbstickOutter.uasset" 315
"../../../Engine/Content/EditorBlueprintResources/ActorMacros.uasset" 316
"../../../Engine/Content/EditorMaterials/AntialiasedGridFloor.uasset" 317
"../../../Engine/Content/EditorResources/TilePatine_D.uasset" 318
"../../../Engine/Content/EditorResources/TilePatine_N.uasset" 319
"../../../Engine/Content/EditorMaterials/PersonaFloorMat.uasset" 320
"../../../Engine/Content/EditorMaterials/GridMaterial.uasset" 321
"../../../Engine/Content/EditorMeshes/PhAT_FloorBox.uasset" 322
"../../../Engine/Content/EditorResources/SimplygonLogo.uasset" 323
"../../../Engine/Content/EditorSounds/GamePreview/EndPlayInEditor.uasset" 324
"../../../Engine/Content/EditorSounds/GamePreview/EndPlayInEditor_Cue.uasset" 325
"../../../Engine/Content/EditorSounds/GamePreview/StartPlayInEditor.uasset" 326
"../../../Engine/Content/EditorSounds/GamePreview/StartPlayInEditor_Cue.uasset" 327
"../../../Engine/Content/Tutorial/Basics/ContentBrowserOverview.uasset" 328
"../../../Engine/Content/Tutorial/Basics/FeaturePacks.uasset" 329
"../../../Engine/Content/Tutorial/Basics/TutorialAssets/CameraActor_64x.uasset" 330
"../../../Engine/Content/Tutorial/Basics/ViewportsTutorial.uasset" 331
"../../../Engine/Content/Tutorial/BlueprintTutorials/TutorialAssets/Blueprint_64x.uasset" 332
"../../../Engine/Content/Tutorial/BlueprintTutorials/BlueprintEditorTutorial.uasset" 333
"../../../Engine/Content/Tutorial/BlueprintTutorials/TutorialAssets/BlueprintInterface_64x.uasset" 334
"../../../Engine/Content/Tutorial/BlueprintTutorials/BlueprintInterfacesEditorOverview.uasset" 335
"../../../Engine/Content/Tutorial/BlueprintTutorials/TutorialAssets/BlueprintMacroLibrary_64x.uasset" 336
"../../../Engine/Content/Tutorial/BlueprintTutorials/TutorialAssets/Tutorial_BP_MacroLib.uasset" 337
"../../../Engine/Content/Tutorial/BlueprintTutorials/BlueprintMacroLibrariesEditorOverview.uasset" 338
"../../../Engine/Content/Tutorial/BlueprintTutorials/ClassBlueprintsEditorOverview.uasset" 339
"../../../Engine/Content/Tutorial/BlueprintTutorials/LevelBlueprintEditorOverview.uasset" 340
"../../../Engine/Content/Tutorial/Code/AddingCode.uasset" 341
"../../../Engine/Content/Tutorial/Foliage/TutorialAssets/Foliage.uasset" 342
"../../../Engine/Content/Tutorial/Foliage/Foliage_Settings_Tutorial.uasset" 343
"../../../Engine/Content/Tutorial/Foliage/Foliage_Using_The_Tool_Tutorial.uasset" 344
"../../../Engine/Content/Tutorial/Foliage/Foliage_Intro_Tutorial.uasset" 345
"../../../Engine/Content/Tutorial/Foliage/FoliageWalkThrough.uasset" 346
"../../../Engine/Content/Tutorial/Installation/InstallingVisualStudioTutorial.uasset" 347
"../../../Engine/Content/Tutorial/Installation/InstallingXCodeTutorial.uasset" 348
"../../../Engine/Content/Tutorial/InWorldBlueprintEditing/IWBE_Tutorial_Part3.uasset" 349
"../../../Engine/Content/Tutorial/InWorldBlueprintEditing/IWBE_Tutorial_Part2.uasset" 350
"../../../Engine/Content/Tutorial/InWorldBlueprintEditing/IWBE_Tutorial.uasset" 351
"../../../Engine/Content/Tutorial/InWorldBlueprintEditing/TutorialAssets/IWBE_Bridge1.uasset" 352
"../../../Engine/Content/Tutorial/InWorldBlueprintEditing/TutorialAssets/IWBE_Bridge2.uasset" 353
"../../../Engine/Content/Tutorial/Landscape/TutorialAssets/Landscape.uasset" 354
"../../../Engine/Content/Tutorial/Landscape/Landscape_Painting_Mode.uasset" 355
"../../../Engine/Content/Tutorial/Landscape/Landscape_Sculpt_Mode.uasset" 356
"../../../Engine/Content/Tutorial/Landscape/Landscape_Manage_Mode.uasset" 357
"../../../Engine/Content/Tutorial/Landscape/LandscapeWalkThrough.uasset" 358
"../../../Engine/Content/Tutorial/Mobile/TutorialAssets/IOS.uasset" 359
"../../../Engine/Content/Tutorial/Mobile/CreatingSigningCertAndProvisionTutorial.uasset" 360
"../../../Engine/Content/Tutorial/Mobile/InstallingiTunesTutorial.uasset" 361
"../../../Engine/Content/Tutorial/Mobile/TutorialAssets/android_Icon.uasset" 362
"../../../Engine/Content/Tutorial/Mobile/SettingUpAndroidTutorial.uasset" 363
"../../../Engine/Content/Tutorial/Paper2D/TutorialAssets/Paper2DFlipbook_TutorialIcon.uasset" 364
"../../../Engine/Content/Tutorial/Paper2D/FlipbookEditorTutorial.uasset" 365
"../../../Engine/Content/Tutorial/Paper2D/TutorialAssets/Paper2DSprite_TutorialIcon.uasset" 366
"../../../Engine/Content/Tutorial/Paper2D/SpriteEditorTutorial.uasset" 367
"../../../Engine/Content/Tutorial/SubEditors/DestructibleMeshEditorTutorial.uasset" 368
"../../../Engine/Content/Tutorial/SubEditors/MaterialEditorTutorial.uasset" 369
"../../../Engine/Content/Tutorial/SubEditors/ParticleSystemEditorTutorial.uasset" 370
"../../../Engine/Content/Tutorial/SubEditors/TutorialAssets/icon_ShowSkeletalMeshes_40x.uasset" 371
"../../../Engine/Content/Tutorial/SubEditors/PersonaAnimBlueprintEditorWalkthrough.uasset" 372
"../../../Engine/Content/Tutorial/SubEditors/PersonaAnimEditorWalkthrough.uasset" 373
"../../../Engine/Content/Tutorial/SubEditors/SkeletonModeWalkthrough.uasset" 374
"../../../Engine/Content/Tutorial/SubEditors/SkeletalMeshEditorWalkthrough.uasset" 375
"../../../Engine/Content/Tutorial/SubEditors/PersonaWalkthrough.uasset" 376
"../../../Engine/Content/Tutorial/SubEditors/StaticMeshEditorTutorial.uasset" 377
"../../../Engine/Content/Tutorial/SubEditors/TutorialAssets/icon_Editor_Preferences_General_40x.uasset" 378
"../../../Engine/Content/ArtTools/RenderToTexture/Enums/RenderToTexture_Enum.uasset" 379
"../../../Engine/Content/ArtTools/RenderToTexture/Enums/RenderToTexture_Flipbook_Enum.uasset" 380
"../../../Engine/Content/ArtTools/RenderToTexture/Enums/RenderToTexture_Imposter_Enum.uasset" 381
"../../../Engine/Content/ArtTools/RenderToTexture/Enums/EFloatTypes.uasset" 382
"../../../Engine/Content/ArtTools/RenderToTexture/Macros/RenderToTextureMacros.uasset" 383
"../../../MyProject3/Content/StarterContent/Textures/T_Wood_Pine_D.uasset" 384
"../../../MyProject3/Content/MYmaterial/01_-_Default.uasset" 385
"../../../MyProject3/Content/MYmaterial/armchair_cloth.uasset" 386
"../../../MyProject3/Content/MYmaterial/pillows_b_cloth.uasset" 387
"../../../MyProject3/Content/MYmaterial/pillows_cloth.uasset" 388
"../../../MyProject3/Content/StarterContent/Materials/M_Metal_Chrome.uasset" 389
"../../../MyProject3/Content/StarterContent/Textures/T_Metal_Gold_D.uasset" 390
"../../../MyProject3/Content/StarterContent/Textures/T_Metal_Gold_N.uasset" 391
"../../../MyProject3/Content/StarterContent/Materials/M_Metal_Gold.uasset" 392
"../../../MyProject3/Content/StarterContent/Textures/T_Perlin_Noise_M.uasset" 393
"../../../MyProject3/Content/StarterContent/Textures/T_Rock_Sandstone_D.uasset" 394
"../../../MyProject3/Content/StarterContent/Textures/T_Rock_Sandstone_N.uasset" 395
"../../../MyProject3/Content/StarterContent/Materials/M_Rock_Sandstone.uasset" 396
"../../../MyProject3/Content/StarterContent/Textures/T_Frame_M.uasset" 397
"../../../MyProject3/Content/StarterContent/Textures/T_Frame_N.uasset" 398
"../../../MyProject3/Content/StarterContent/Props/Materials/M_Frame.uasset" 399
"../../../MyProject3/Content/StarterContent/Props/SM_WindowFrame.uasset" 400
"../../../MyProject3/Content/StarterContent/Props/Materials/M_MaterialSphere.uasset" 401
"../../../MyProject3/Content/StarterContent/Textures/T_TableRound_M.uasset" 402
"../../../MyProject3/Content/StarterContent/Textures/T_TableRound_N.uasset" 403
"../../../MyProject3/Content/StarterContent/Props/Materials/M_TableRound.uasset" 404
"../../../MyProject3/Content/StarterContent/Shapes/Shape_Torus.uasset" 405
"../../../MyProject3/Content/StarterContent/Shapes/Shape_Trim_90_In.uasset" 406
"../../../MyProject3/Content/StarterContent/Shapes/Shape_Wedge_B.uasset" 407
"../../../MyProject3/Content/MYmaterial/50x50_QuiltedSilk.uasset" 408
"../../../MyProject3/Content/MYmaterial/3d-model.uasset" 409
"../../../MyProject3/Content/FirstPersonBP/otvertka.uasset" 410
